<?xml version="1.0" encoding="UTF-8"?>
<!-- Generated by org.testng.reporters.JUnitReportReporter -->
<testsuite hostname="DESKTOP-077G3EM" failures="0" tests="11" name="com.GCash_GGivesScripts.GCASHScripts" time="462.229" errors="0" timestamp="2022-09-28T11:16:22 IST" skipped="0">
  <testcase classname="com.GCash_GGivesScripts.GCASHScripts" name="Allowpopup" time="8.071"/>
  <system-out/>
  <testcase classname="com.GCash_GGivesScripts.GCASHScripts" name="Login" time="94.543"/>
  <system-out/>
  <testcase classname="com.GCash_GGivesScripts.GCASHScripts" name="gGivesHomePage" time="43.508"/>
  <system-out/>
  <testcase classname="com.GCash_GGivesScripts.GCASHScripts" name="gGivesViewPage" time="4.316"/>
  <system-out/>
  <testcase classname="com.GCash_GGivesScripts.GCASHScripts" name="gGivesDashboardPage" time="105.396"/>
  <system-out/>
  <testcase classname="com.GCash_GGivesScripts.GCASHScripts" name="gGivesDuesPage" time="0.485"/>
  <system-out/>
  <testcase classname="com.GCash_GGivesScripts.GCASHScripts" name="gGivesPaymentPage" time="1.004"/>
  <system-out/>
  <testcase classname="com.GCash_GGivesScripts.GCASHScripts" name="gCashLogoutPage" time="5.494"/>
  <system-out/>
  <testcase classname="com.GCash_GGivesScripts.GCASHScripts" name="gSaveLoginPage" time="62.736"/>
  <system-out/>
  <testcase classname="com.GCash_GGivesScripts.GCASHScripts" name="gSaveTransactionPage" time="86.042"/>
  <system-out/>
  <testcase classname="com.GCash_GGivesScripts.GCASHScripts" name="gSaveConfirmPage" time="50.634"/>
  <system-out/>
</testsuite> <!-- com.GCash_GGivesScripts.GCASHScripts -->
