<?xml version="1.0" encoding="UTF-8"?>
<!-- Generated by org.testng.reporters.JUnitReportReporter -->
<testsuite hostname="DESKTOP-077G3EM" failures="0" tests="10" name="com.GCash_GGivesScripts.GCASHScripts" time="307.584" errors="0" timestamp="2022-09-24T18:23:52 IST" skipped="0">
  <testcase classname="com.GCash_GGivesScripts.GCASHScripts" name="Allowpopup" time="41.858"/>
  <system-out/>
  <testcase classname="com.GCash_GGivesScripts.GCASHScripts" name="Login" time="32.981"/>
  <system-out/>
  <testcase classname="com.GCash_GGivesScripts.GCASHScripts" name="gGivesHomePage" time="32.834"/>
  <system-out/>
  <testcase classname="com.GCash_GGivesScripts.GCASHScripts" name="gGivesViewPage" time="32.927"/>
  <system-out/>
  <testcase classname="com.GCash_GGivesScripts.GCASHScripts" name="gGivesDashboardPage" time="33.064"/>
  <system-out/>
  <testcase classname="com.GCash_GGivesScripts.GCASHScripts" name="gGivesDuesPage" time="33.196"/>
  <system-out/>
  <testcase classname="com.GCash_GGivesScripts.GCASHScripts" name="gGivesPaymentPage" time="36.129"/>
  <system-out/>
  <testcase classname="com.GCash_GGivesScripts.GCASHScripts" name="gCashLogoutPage" time="32.093"/>
  <system-out/>
  <testcase classname="com.GCash_GGivesScripts.GCASHScripts" name="gSaveLoginPage" time="31.588"/>
  <system-out/>
  <testcase classname="com.GCash_GGivesScripts.GCASHScripts" name="gSaveTransactionPage" time="0.914"/>
  <system-out/>
</testsuite> <!-- com.GCash_GGivesScripts.GCASHScripts -->
